#! /usr/bin/vvp
:ivl_version "10.1 (stable)";
:ivl_delay_selection "TYPICAL";
:vpi_time_precision - 12;
:vpi_module "system";
:vpi_module "vhdl_sys";
:vpi_module "v2005_math";
:vpi_module "va_math";
S_0x558670c1f790 .scope module, "simulate" "simulate" 2 21;
 .timescale -9 -12;
P_0x558670c1f150 .param/l "tck" 0 2 49, +C4<00000000000000000000000000000010>;
L_0x558670bed520 .functor BUFZ 1, v0x558670c46590_0, C4<0>, C4<0>, C4<0>;
L_0x558670c18420 .functor BUFZ 1, v0x558670c46650_0, C4<0>, C4<0>, C4<0>;
v0x558670c46310_0 .var "_datarec", 7 0;
v0x558670c46410_0 .var "_datasend", 7 0;
v0x558670c464f0_0 .var "_rd", 0 0;
v0x558670c46590_0 .var "_rst", 0 0;
v0x558670c46650_0 .var "_wr", 0 0;
v0x558670c46710_0 .net "buffempty", 0 0, L_0x558670bf6ea0;  1 drivers
v0x558670c467b0_0 .net "charreceived", 0 0, L_0x558670bfc9e0;  1 drivers
v0x558670c46850_0 .var "clk", 2 0;
v0x558670c468f0_0 .var "clk_in", 0 0;
v0x558670c469b0_0 .var "clk_out", 0 0;
RS_0x7f88721e2258 .resolv tri, L_0x558670c472a0, v0x558670c46410_0;
v0x558670c46a70_0 .net8 "data", 7 0, RS_0x7f88721e2258;  2 drivers
v0x558670c46b30_0 .var "miso", 0 0;
v0x558670c46bd0_0 .net "mosi", 0 0, L_0x558670c47810;  1 drivers
v0x558670c46c70_0 .net "rd", 0 0, v0x558670c464f0_0;  1 drivers
v0x558670c46d10_0 .var "res_senderr", 0 0;
v0x558670c46db0_0 .net "rst", 0 0, L_0x558670bed520;  1 drivers
v0x558670c46e80_0 .net "sck", 0 0, L_0x558670c476a0;  1 drivers
v0x558670c46f50_0 .net "senderr", 0 0, v0x558670c45c50_0;  1 drivers
v0x558670c47020_0 .net "ss", 0 0, v0x558670c45ed0_0;  1 drivers
v0x558670c470f0_0 .net "wr", 0 0, L_0x558670c18420;  1 drivers
E_0x558670beb9a0 .event posedge, v0x558670c468f0_0;
E_0x558670bec180 .event edge, v0x558670c44830_0;
E_0x558670bec010 .event edge, v0x558670c44770_0;
L_0x558670c47a20 .part v0x558670c46850_0, 2, 1;
S_0x558670c1f3e0 .scope module, "spi0" "spi_master" 2 57, 3 18 0, S_0x558670c1f790;
 .timescale -9 -12;
    .port_info 0 /INPUT 1 "clk"
    .port_info 1 /INPUT 1 "rst"
    .port_info 2 /INOUT 8 "data"
    .port_info 3 /INPUT 1 "wr"
    .port_info 4 /INPUT 1 "rd"
    .port_info 5 /OUTPUT 1 "buffempty"
    .port_info 6 /INPUT 3 "prescaller"
    .port_info 7 /OUTPUT 1 "sck"
    .port_info 8 /OUTPUT 1 "mosi"
    .port_info 9 /INPUT 1 "miso"
    .port_info 10 /OUTPUT 1 "ss"
    .port_info 11 /INPUT 1 "lsbfirst"
    .port_info 12 /INPUT 2 "mode"
    .port_info 13 /OUTPUT 1 "senderr"
    .port_info 14 /INPUT 1 "res_senderr"
    .port_info 15 /OUTPUT 1 "charreceived"
P_0x558670bf04d0 .param/l "PRESCALLER_SIZE" 0 3 38, +C4<00000000000000000000000000001000>;
P_0x558670bf0510 .param/l "WORD_LEN" 0 3 37, +C4<00000000000000000000000000001000>;
P_0x558670bf0550 .param/l "state_busy" 0 3 116, C4<1>;
P_0x558670bf0590 .param/l "state_idle" 0 3 115, C4<0>;
L_0x558670bf6fb0 .functor XOR 1, v0x558670c44cd0_0, v0x558670c44c10_0, C4<0>, C4<0>;
L_0x558670bf6ea0 .functor NOT 1, L_0x558670bf6fb0, C4<0>, C4<0>, C4<0>;
L_0x558670bfcaf0 .functor NOT 5, v0x558670c45b70_0, C4<00000>, C4<00000>, C4<00000>;
L_0x558670bfc9e0 .functor XOR 1, v0x558670c449b0_0, v0x558670c448f0_0, C4<0>, C4<0>;
v0x558670c21980_0 .var "_mosi", 0 0;
v0x558670c22920_0 .net *"_s0", 0 0, L_0x558670bf6fb0;  1 drivers
v0x558670c23c00_0 .net *"_s10", 4 0, L_0x558670bfcaf0;  1 drivers
v0x558670c12b10_0 .net *"_s12", 4 0, L_0x558670c474e0;  1 drivers
L_0x7f8872199018 .functor BUFT 1, C4<1>, C4<0>, C4<0>, C4<0>;
v0x558670c44480_0 .net/2u *"_s16", 0 0, L_0x7f8872199018;  1 drivers
o0x7f88721e2108 .functor BUFZ 8, C4<zzzzzzzz>; HiZ drive
; Elide local net with no drivers, v0x558670c445b0_0 name=_s4
v0x558670c44690_0 .net *"_s9", 0 0, L_0x558670c473e0;  1 drivers
v0x558670c44770_0 .net "buffempty", 0 0, L_0x558670bf6ea0;  alias, 1 drivers
v0x558670c44830_0 .net "charreceived", 0 0, L_0x558670bfc9e0;  alias, 1 drivers
v0x558670c448f0_0 .var "charreceivedn", 0 0;
v0x558670c449b0_0 .var "charreceivedp", 0 0;
v0x558670c44a70_0 .net "clk", 0 0, L_0x558670c47a20;  1 drivers
v0x558670c44b30_0 .net8 "data", 7 0, RS_0x7f88721e2258;  alias, 2 drivers
v0x558670c44c10_0 .var "inbufffulln", 0 0;
v0x558670c44cd0_0 .var "inbufffullp", 0 0;
v0x558670c44d90_0 .var "input_buffer", 7 0;
L_0x7f88721990a8 .functor BUFT 1, C4<0>, C4<0>, C4<0>, C4<0>;
v0x558670c44e70_0 .net "lsbfirst", 0 0, L_0x7f88721990a8;  1 drivers
v0x558670c44f30_0 .var "lsbfirstint", 0 0;
v0x558670c44ff0_0 .net "miso", 0 0, v0x558670c46b30_0;  1 drivers
L_0x7f88721990f0 .functor BUFT 1, C4<01>, C4<0>, C4<0>, C4<0>;
v0x558670c450b0_0 .net "mode", 1 0, L_0x7f88721990f0;  1 drivers
v0x558670c45190_0 .var "modeint", 1 0;
v0x558670c45270_0 .net "mosi", 0 0, L_0x558670c47810;  alias, 1 drivers
v0x558670c45330_0 .var "output_buffer", 7 0;
L_0x7f8872199060 .functor BUFT 1, C4<000>, C4<0>, C4<0>, C4<0>;
v0x558670c45410_0 .net "prescaller", 2 0, L_0x7f8872199060;  1 drivers
v0x558670c454f0_0 .var "prescaller_cnt", 7 0;
v0x558670c455d0_0 .var "prescallerbuff", 2 0;
v0x558670c456b0_0 .var "prescallerint", 2 0;
v0x558670c45790_0 .var "prescdemux", 7 0;
v0x558670c45870_0 .net "rd", 0 0, v0x558670c464f0_0;  alias, 1 drivers
v0x558670c45930_0 .net "res_senderr", 0 0, v0x558670c46d10_0;  1 drivers
v0x558670c459f0_0 .net "rst", 0 0, L_0x558670bed520;  alias, 1 drivers
v0x558670c45ab0_0 .net "sck", 0 0, L_0x558670c476a0;  alias, 1 drivers
v0x558670c45b70_0 .var "sckint", 4 0;
v0x558670c45c50_0 .var "senderr", 0 0;
v0x558670c45d10_0 .var "shift_reg_in", 7 0;
v0x558670c45df0_0 .var "shift_reg_out", 7 0;
v0x558670c45ed0_0 .var "ss", 0 0;
v0x558670c45f90_0 .var "state", 0 0;
v0x558670c46050_0 .net "wr", 0 0, L_0x558670c18420;  alias, 1 drivers
E_0x558670beae30 .event posedge, v0x558670c459f0_0, v0x558670c45870_0;
E_0x558670c24f70 .event posedge, v0x558670c459f0_0, v0x558670c44a70_0;
E_0x558670c24fb0 .event edge, v0x558670c456b0_0;
E_0x558670c1ddd0 .event posedge, v0x558670c459f0_0, v0x558670c45930_0, v0x558670c46050_0;
E_0x558670c1eef0 .event posedge, v0x558670c46050_0;
L_0x558670c472a0 .functor MUXZ 8, o0x7f88721e2108, v0x558670c45330_0, v0x558670c464f0_0, C4<>;
L_0x558670c473e0 .part v0x558670c45190_0, 1, 1;
L_0x558670c474e0 .functor MUXZ 5, v0x558670c45b70_0, L_0x558670bfcaf0, L_0x558670c473e0, C4<>;
L_0x558670c476a0 .part L_0x558670c474e0, 0, 1;
L_0x558670c47810 .functor MUXZ 1, v0x558670c21980_0, L_0x7f8872199018, v0x558670c45ed0_0, C4<>;
    .scope S_0x558670c1f3e0;
T_0 ;
    %pushi/vec4 0, 0, 1;
    %store/vec4 v0x558670c44cd0_0, 0, 1;
    %end;
    .thread T_0;
    .scope S_0x558670c1f3e0;
T_1 ;
    %pushi/vec4 0, 0, 1;
    %store/vec4 v0x558670c44c10_0, 0, 1;
    %end;
    .thread T_1;
    .scope S_0x558670c1f3e0;
T_2 ;
    %wait E_0x558670c1eef0;
    %load/vec4 v0x558670c46050_0;
    %load/vec4 v0x558670c44cd0_0;
    %load/vec4 v0x558670c44c10_0;
    %cmp/e;
    %flag_get/vec4 4;
    %and;
    %load/vec4 v0x558670c44770_0;
    %and;
    %flag_set/vec4 8;
    %jmp/0xz  T_2.0, 8;
    %load/vec4 v0x558670c44b30_0;
    %assign/vec4 v0x558670c44d90_0, 0;
T_2.0 ;
    %jmp T_2;
    .thread T_2;
    .scope S_0x558670c1f3e0;
T_3 ;
    %wait E_0x558670c1ddd0;
    %load/vec4 v0x558670c459f0_0;
    %flag_set/vec4 8;
    %jmp/0xz  T_3.0, 8;
    %pushi/vec4 0, 0, 1;
    %assign/vec4 v0x558670c44cd0_0, 0;
    %pushi/vec4 0, 0, 1;
    %assign/vec4 v0x558670c45c50_0, 0;
    %pushi/vec4 0, 0, 3;
    %assign/vec4 v0x558670c455d0_0, 0;
    %jmp T_3.1;
T_3.0 ;
    %load/vec4 v0x558670c45930_0;
    %flag_set/vec4 8;
    %jmp/0xz  T_3.2, 8;
    %pushi/vec4 0, 0, 1;
    %assign/vec4 v0x558670c45c50_0, 0;
    %jmp T_3.3;
T_3.2 ;
    %load/vec4 v0x558670c46050_0;
    %load/vec4 v0x558670c44cd0_0;
    %load/vec4 v0x558670c44c10_0;
    %cmp/e;
    %flag_get/vec4 4;
    %and;
    %load/vec4 v0x558670c44770_0;
    %and;
    %flag_set/vec4 8;
    %jmp/0xz  T_3.4, 8;
    %load/vec4 v0x558670c44cd0_0;
    %inv;
    %assign/vec4 v0x558670c44cd0_0, 0;
    %load/vec4 v0x558670c45410_0;
    %store/vec4 v0x558670c455d0_0, 0, 3;
    %jmp T_3.5;
T_3.4 ;
    %load/vec4 v0x558670c44770_0;
    %nor/r;
    %flag_set/vec4 8;
    %jmp/0xz  T_3.6, 8;
    %pushi/vec4 1, 0, 1;
    %assign/vec4 v0x558670c45c50_0, 0;
T_3.6 ;
T_3.5 ;
T_3.3 ;
T_3.1 ;
    %jmp T_3;
    .thread T_3;
    .scope S_0x558670c1f3e0;
T_4 ;
    %wait E_0x558670c24fb0;
    %load/vec4 v0x558670c456b0_0;
    %pad/u 32;
    %cmpi/u 8, 0, 32;
    %jmp/0xz  T_4.0, 5;
    %load/vec4 v0x558670c456b0_0;
    %dup/vec4;
    %pushi/vec4 0, 0, 3;
    %cmp/u;
    %jmp/1 T_4.2, 6;
    %dup/vec4;
    %pushi/vec4 1, 0, 3;
    %cmp/u;
    %jmp/1 T_4.3, 6;
    %dup/vec4;
    %pushi/vec4 2, 0, 3;
    %cmp/u;
    %jmp/1 T_4.4, 6;
    %dup/vec4;
    %pushi/vec4 3, 0, 3;
    %cmp/u;
    %jmp/1 T_4.5, 6;
    %dup/vec4;
    %pushi/vec4 4, 0, 3;
    %cmp/u;
    %jmp/1 T_4.6, 6;
    %dup/vec4;
    %pushi/vec4 5, 0, 3;
    %cmp/u;
    %jmp/1 T_4.7, 6;
    %dup/vec4;
    %pushi/vec4 6, 0, 3;
    %cmp/u;
    %jmp/1 T_4.8, 6;
    %dup/vec4;
    %pushi/vec4 7, 0, 3;
    %cmp/u;
    %jmp/1 T_4.9, 6;
    %jmp T_4.10;
T_4.2 ;
    %pushi/vec4 1, 0, 8;
    %assign/vec4 v0x558670c45790_0, 0;
    %jmp T_4.10;
T_4.3 ;
    %pushi/vec4 3, 0, 8;
    %assign/vec4 v0x558670c45790_0, 0;
    %jmp T_4.10;
T_4.4 ;
    %pushi/vec4 7, 0, 8;
    %assign/vec4 v0x558670c45790_0, 0;
    %jmp T_4.10;
T_4.5 ;
    %pushi/vec4 15, 0, 8;
    %assign/vec4 v0x558670c45790_0, 0;
    %jmp T_4.10;
T_4.6 ;
    %pushi/vec4 31, 0, 8;
    %assign/vec4 v0x558670c45790_0, 0;
    %jmp T_4.10;
T_4.7 ;
    %pushi/vec4 63, 0, 8;
    %assign/vec4 v0x558670c45790_0, 0;
    %jmp T_4.10;
T_4.8 ;
    %pushi/vec4 127, 0, 8;
    %assign/vec4 v0x558670c45790_0, 0;
    %jmp T_4.10;
T_4.9 ;
    %pushi/vec4 255, 0, 8;
    %assign/vec4 v0x558670c45790_0, 0;
    %jmp T_4.10;
T_4.10 ;
    %pop/vec4 1;
    %jmp T_4.1;
T_4.0 ;
    %pushi/vec4 1, 0, 8;
    %assign/vec4 v0x558670c45790_0, 0;
T_4.1 ;
    %jmp T_4;
    .thread T_4, $push;
    .scope S_0x558670c1f3e0;
T_5 ;
    %wait E_0x558670c24f70;
    %load/vec4 v0x558670c459f0_0;
    %flag_set/vec4 8;
    %jmp/0xz  T_5.0, 8;
    %pushi/vec4 0, 0, 1;
    %assign/vec4 v0x558670c44c10_0, 0;
    %pushi/vec4 1, 0, 1;
    %assign/vec4 v0x558670c45ed0_0, 0;
    %pushi/vec4 0, 0, 1;
    %assign/vec4 v0x558670c45f90_0, 0;
    %pushi/vec4 0, 0, 8;
    %assign/vec4 v0x558670c454f0_0, 0;
    %pushi/vec4 0, 0, 3;
    %assign/vec4 v0x558670c456b0_0, 0;
    %pushi/vec4 0, 0, 8;
    %assign/vec4 v0x558670c45df0_0, 0;
    %pushi/vec4 0, 0, 8;
    %assign/vec4 v0x558670c45d10_0, 0;
    %pushi/vec4 0, 0, 5;
    %assign/vec4 v0x558670c45b70_0, 0;
    %pushi/vec4 1, 0, 1;
    %assign/vec4 v0x558670c21980_0, 0;
    %pushi/vec4 0, 0, 8;
    %assign/vec4 v0x558670c45330_0, 0;
    %pushi/vec4 0, 0, 1;
    %assign/vec4 v0x558670c449b0_0, 0;
    %pushi/vec4 0, 0, 1;
    %assign/vec4 v0x558670c44f30_0, 0;
    %pushi/vec4 0, 0, 2;
    %assign/vec4 v0x558670c45190_0, 0;
    %jmp T_5.1;
T_5.0 ;
    %load/vec4 v0x558670c45f90_0;
    %dup/vec4;
    %pushi/vec4 0, 0, 1;
    %cmp/u;
    %jmp/1 T_5.2, 6;
    %dup/vec4;
    %pushi/vec4 1, 0, 1;
    %cmp/u;
    %jmp/1 T_5.3, 6;
    %jmp T_5.4;
T_5.2 ;
    %load/vec4 v0x558670c44cd0_0;
    %load/vec4 v0x558670c44c10_0;
    %cmp/ne;
    %jmp/0xz  T_5.5, 4;
    %load/vec4 v0x558670c44c10_0;
    %inv;
    %assign/vec4 v0x558670c44c10_0, 0;
    %pushi/vec4 0, 0, 1;
    %assign/vec4 v0x558670c45ed0_0, 0;
    %pushi/vec4 0, 0, 8;
    %assign/vec4 v0x558670c454f0_0, 0;
    %load/vec4 v0x558670c455d0_0;
    %assign/vec4 v0x558670c456b0_0, 0;
    %load/vec4 v0x558670c44e70_0;
    %assign/vec4 v0x558670c44f30_0, 0;
    %load/vec4 v0x558670c450b0_0;
    %assign/vec4 v0x558670c45190_0, 0;
    %load/vec4 v0x558670c44d90_0;
    %assign/vec4 v0x558670c45df0_0, 0;
    %pushi/vec4 1, 0, 1;
    %assign/vec4 v0x558670c45f90_0, 0;
    %load/vec4 v0x558670c450b0_0;
    %parti/s 1, 0, 2;
    %nor/r;
    %flag_set/vec4 8;
    %jmp/0xz  T_5.7, 8;
    %load/vec4 v0x558670c44e70_0;
    %nor/r;
    %flag_set/vec4 8;
    %jmp/0xz  T_5.9, 8;
    %load/vec4 v0x558670c44d90_0;
    %parti/s 1, 7, 4;
    %assign/vec4 v0x558670c21980_0, 0;
    %jmp T_5.10;
T_5.9 ;
    %load/vec4 v0x558670c44d90_0;
    %parti/s 1, 0, 2;
    %assign/vec4 v0x558670c21980_0, 0;
T_5.10 ;
T_5.7 ;
T_5.5 ;
    %jmp T_5.4;
T_5.3 ;
    %load/vec4 v0x558670c454f0_0;
    %load/vec4 v0x558670c45790_0;
    %cmp/ne;
    %jmp/0xz  T_5.11, 4;
    %load/vec4 v0x558670c454f0_0;
    %addi 1, 0, 8;
    %assign/vec4 v0x558670c454f0_0, 0;
    %jmp T_5.12;
T_5.11 ;
    %pushi/vec4 0, 0, 8;
    %assign/vec4 v0x558670c454f0_0, 0;
    %load/vec4 v0x558670c45b70_0;
    %addi 1, 0, 5;
    %assign/vec4 v0x558670c45b70_0, 0;
    %load/vec4 v0x558670c45b70_0;
    %parti/s 1, 0, 2;
    %load/vec4 v0x558670c45190_0;
    %parti/s 1, 0, 2;
    %cmp/e;
    %jmp/0xz  T_5.13, 4;
    %load/vec4 v0x558670c44f30_0;
    %nor/r;
    %flag_set/vec4 8;
    %jmp/0xz  T_5.15, 8;
    %load/vec4 v0x558670c44ff0_0;
    %load/vec4 v0x558670c45d10_0;
    %parti/s 7, 1, 2;
    %concat/vec4; draw_concat_vec4
    %assign/vec4 v0x558670c45d10_0, 0;
    %load/vec4 v0x558670c45df0_0;
    %parti/s 7, 0, 2;
    %concati/vec4 1, 0, 1;
    %assign/vec4 v0x558670c45df0_0, 0;
    %jmp T_5.16;
T_5.15 ;
    %load/vec4 v0x558670c45d10_0;
    %parti/s 7, 0, 2;
    %load/vec4 v0x558670c44ff0_0;
    %concat/vec4; draw_concat_vec4
    %assign/vec4 v0x558670c45d10_0, 0;
    %pushi/vec4 1, 0, 1;
    %load/vec4 v0x558670c45df0_0;
    %parti/s 7, 1, 2;
    %concat/vec4; draw_concat_vec4
    %assign/vec4 v0x558670c45df0_0, 0;
T_5.16 ;
    %jmp T_5.14;
T_5.13 ;
    %load/vec4 v0x558670c44f30_0;
    %nor/r;
    %flag_set/vec4 8;
    %jmp/0xz  T_5.17, 8;
    %load/vec4 v0x558670c45df0_0;
    %parti/s 1, 7, 4;
    %assign/vec4 v0x558670c21980_0, 0;
    %jmp T_5.18;
T_5.17 ;
    %load/vec4 v0x558670c45df0_0;
    %parti/s 1, 0, 2;
    %assign/vec4 v0x558670c21980_0, 0;
T_5.18 ;
    %load/vec4 v0x558670c45b70_0;
    %parti/s 4, 1, 2;
    %pad/u 32;
    %cmpi/e 8, 0, 32;
    %jmp/0xz  T_5.19, 4;
    %pushi/vec4 0, 0, 5;
    %assign/vec4 v0x558670c45b70_0, 0;
    %load/vec4 v0x558670c44cd0_0;
    %load/vec4 v0x558670c44c10_0;
    %cmp/e;
    %jmp/0xz  T_5.21, 4;
    %pushi/vec4 1, 0, 1;
    %assign/vec4 v0x558670c45ed0_0, 0;
T_5.21 ;
    %load/vec4 v0x558670c45d10_0;
    %assign/vec4 v0x558670c45330_0, 0;
    %load/vec4 v0x558670c449b0_0;
    %load/vec4 v0x558670c448f0_0;
    %cmp/e;
    %jmp/0xz  T_5.23, 4;
    %load/vec4 v0x558670c449b0_0;
    %inv;
    %assign/vec4 v0x558670c449b0_0, 0;
T_5.23 ;
    %pushi/vec4 0, 0, 1;
    %assign/vec4 v0x558670c45f90_0, 0;
T_5.19 ;
T_5.14 ;
T_5.12 ;
    %jmp T_5.4;
T_5.4 ;
    %pop/vec4 1;
T_5.1 ;
    %jmp T_5;
    .thread T_5;
    .scope S_0x558670c1f3e0;
T_6 ;
    %wait E_0x558670beae30;
    %load/vec4 v0x558670c459f0_0;
    %flag_set/vec4 8;
    %jmp/0xz  T_6.0, 8;
    %pushi/vec4 0, 0, 1;
    %assign/vec4 v0x558670c448f0_0, 0;
    %jmp T_6.1;
T_6.0 ;
    %load/vec4 v0x558670c449b0_0;
    %load/vec4 v0x558670c448f0_0;
    %cmp/ne;
    %jmp/0xz  T_6.2, 4;
    %load/vec4 v0x558670c448f0_0;
    %inv;
    %assign/vec4 v0x558670c448f0_0, 0;
T_6.2 ;
T_6.1 ;
    %jmp T_6;
    .thread T_6;
    .scope S_0x558670c1f790;
T_7 ;
    %pushi/vec4 0, 0, 1;
    %store/vec4 v0x558670c46590_0, 0, 1;
    %end;
    .thread T_7;
    .scope S_0x558670c1f790;
T_8 ;
    %pushi/vec4 0, 0, 1;
    %store/vec4 v0x558670c46650_0, 0, 1;
    %end;
    .thread T_8;
    .scope S_0x558670c1f790;
T_9 ;
    %pushi/vec4 0, 0, 1;
    %store/vec4 v0x558670c464f0_0, 0, 1;
    %end;
    .thread T_9;
    .scope S_0x558670c1f790;
T_10 ;
    %pushi/vec4 0, 0, 1;
    %store/vec4 v0x558670c46b30_0, 0, 1;
    %end;
    .thread T_10;
    .scope S_0x558670c1f790;
T_11 ;
    %pushi/vec4 0, 0, 1;
    %store/vec4 v0x558670c46d10_0, 0, 1;
    %end;
    .thread T_11;
    .scope S_0x558670c1f790;
T_12 ;
    %pushi/vec4 0, 0, 3;
    %store/vec4 v0x558670c46850_0, 0, 3;
    %end;
    .thread T_12;
    .scope S_0x558670c1f790;
T_13 ;
    %pushi/vec4 0, 0, 1;
    %store/vec4 v0x558670c468f0_0, 0, 1;
    %end;
    .thread T_13;
    .scope S_0x558670c1f790;
T_14 ;
    %pushi/vec4 0, 0, 1;
    %store/vec4 v0x558670c469b0_0, 0, 1;
    %end;
    .thread T_14;
    .scope S_0x558670c1f790;
T_15 ;
    %delay 1000, 0;
    %load/vec4 v0x558670c468f0_0;
    %inv;
    %assign/vec4 v0x558670c468f0_0, 0;
    %jmp T_15;
    .thread T_15;
    .scope S_0x558670c1f790;
T_16 ;
    %vpi_call 2 78 "$dumpfile", "spi.vcd" {0 0 0};
    %vpi_call 2 79 "$dumpvars" {0 0 0};
    %pushi/vec4 1, 0, 1;
    %assign/vec4 v0x558670c46590_0, 0;
    %delay 2000, 0;
    %pushi/vec4 0, 0, 1;
    %assign/vec4 v0x558670c46590_0, 0;
    %delay 2000, 0;
    %pushi/vec4 1, 0, 1;
    %assign/vec4 v0x558670c46b30_0, 0;
    %pushi/vec4 85, 0, 8;
    %assign/vec4 v0x558670c46410_0, 0;
    %delay 1000, 0;
    %pushi/vec4 1, 0, 1;
    %assign/vec4 v0x558670c46650_0, 0;
    %delay 1000, 0;
    %pushi/vec4 0, 0, 1;
    %assign/vec4 v0x558670c46650_0, 0;
    %delay 1000, 0;
T_16.0 ;
    %load/vec4 v0x558670c46710_0;
    %pushi/vec4 1, 0, 1;
    %cmp/e;
    %flag_get/vec4 4;
    %cmpi/ne 1, 0, 1;
    %jmp/0xz T_16.1, 6;
    %wait E_0x558670bec010;
    %jmp T_16.0;
T_16.1 ;
    %pushi/vec4 170, 0, 8;
    %assign/vec4 v0x558670c46410_0, 0;
    %delay 1000, 0;
    %pushi/vec4 1, 0, 1;
    %assign/vec4 v0x558670c46650_0, 0;
    %delay 1000, 0;
    %pushi/vec4 0, 0, 1;
    %assign/vec4 v0x558670c46650_0, 0;
    %delay 10000, 0;
    %pushi/vec4 85, 0, 8;
    %assign/vec4 v0x558670c46410_0, 0;
    %pushi/vec4 1, 0, 1;
    %assign/vec4 v0x558670c46650_0, 0;
    %delay 1000, 0;
    %pushi/vec4 0, 0, 1;
    %assign/vec4 v0x558670c46650_0, 0;
    %load/vec4 v0x558670c46f50_0;
    %flag_set/vec4 8;
    %jmp/0xz  T_16.2, 8;
    %pushi/vec4 1, 0, 1;
    %assign/vec4 v0x558670c46d10_0, 0;
    %delay 1000, 0;
    %pushi/vec4 0, 0, 1;
    %assign/vec4 v0x558670c46d10_0, 0;
T_16.2 ;
    %delay 1000, 0;
T_16.4 ;
    %load/vec4 v0x558670c467b0_0;
    %pushi/vec4 1, 0, 1;
    %cmp/e;
    %flag_get/vec4 4;
    %cmpi/ne 1, 0, 1;
    %jmp/0xz T_16.5, 6;
    %wait E_0x558670bec180;
    %jmp T_16.4;
T_16.5 ;
    %pushi/vec4 0, 255, 8;
    %store/vec4 v0x558670c46410_0, 0, 8;
    %delay 1000, 0;
    %pushi/vec4 1, 0, 1;
    %store/vec4 v0x558670c464f0_0, 0, 1;
    %delay 1000, 0;
    %load/vec4 v0x558670c46a70_0;
    %store/vec4 v0x558670c46310_0, 0, 8;
    %pushi/vec4 0, 0, 1;
    %store/vec4 v0x558670c464f0_0, 0, 1;
    %delay 1000, 0;
T_16.6 ;
    %load/vec4 v0x558670c46710_0;
    %pushi/vec4 1, 0, 1;
    %cmp/e;
    %flag_get/vec4 4;
    %cmpi/ne 1, 0, 1;
    %jmp/0xz T_16.7, 6;
    %wait E_0x558670bec010;
    %jmp T_16.6;
T_16.7 ;
    %delay 1000, 0;
    %pushi/vec4 0, 0, 1;
    %assign/vec4 v0x558670c46b30_0, 0;
    %pushi/vec4 85, 0, 8;
    %assign/vec4 v0x558670c46410_0, 0;
    %delay 1000, 0;
    %pushi/vec4 1, 0, 1;
    %assign/vec4 v0x558670c46650_0, 0;
    %delay 1000, 0;
    %pushi/vec4 0, 0, 1;
    %assign/vec4 v0x558670c46650_0, 0;
    %delay 1000, 0;
T_16.8 ;
    %load/vec4 v0x558670c467b0_0;
    %pushi/vec4 1, 0, 1;
    %cmp/e;
    %flag_get/vec4 4;
    %cmpi/ne 1, 0, 1;
    %jmp/0xz T_16.9, 6;
    %wait E_0x558670bec180;
    %jmp T_16.8;
T_16.9 ;
    %pushi/vec4 0, 255, 8;
    %store/vec4 v0x558670c46410_0, 0, 8;
    %delay 1000, 0;
    %pushi/vec4 1, 0, 1;
    %store/vec4 v0x558670c464f0_0, 0, 1;
    %delay 1000, 0;
    %load/vec4 v0x558670c46a70_0;
    %store/vec4 v0x558670c46310_0, 0, 8;
    %pushi/vec4 0, 0, 1;
    %store/vec4 v0x558670c464f0_0, 0, 1;
    %pushi/vec4 1, 0, 1;
    %assign/vec4 v0x558670c46b30_0, 0;
T_16.10 ;
    %load/vec4 v0x558670c467b0_0;
    %pushi/vec4 1, 0, 1;
    %cmp/e;
    %flag_get/vec4 4;
    %cmpi/ne 1, 0, 1;
    %jmp/0xz T_16.11, 6;
    %wait E_0x558670bec180;
    %jmp T_16.10;
T_16.11 ;
    %pushi/vec4 0, 255, 8;
    %store/vec4 v0x558670c46410_0, 0, 8;
    %delay 1000, 0;
    %pushi/vec4 1, 0, 1;
    %store/vec4 v0x558670c464f0_0, 0, 1;
    %delay 1000, 0;
    %load/vec4 v0x558670c46a70_0;
    %store/vec4 v0x558670c46310_0, 0, 8;
    %pushi/vec4 0, 0, 1;
    %store/vec4 v0x558670c464f0_0, 0, 1;
    %delay 10000, 0;
    %vpi_call 2 177 "$finish" {0 0 0};
    %end;
    .thread T_16;
    .scope S_0x558670c1f790;
T_17 ;
    %wait E_0x558670beb9a0;
    %load/vec4 v0x558670c46850_0;
    %addi 1, 0, 3;
    %assign/vec4 v0x558670c46850_0, 0;
    %jmp T_17;
    .thread T_17;
# The file index is used to find the file name in the following table.
:file_names 4;
    "N/A";
    "<interactive>";
    "testbench/simulate.v";
    "rtl/spi_master.v";
